TN:
SF:src\modules\appointments\services\createAppointmentService.ts
FN:25,(anonymous_12)
FN:32,(anonymous_13)
FNF:2
FNH:2
FNDA:2,(anonymous_12)
FNDA:3,(anonymous_13)
DA:1,1
DA:2,1
DA:5,1
DA:22,1
DA:29,2
DA:36,3
DA:39,3
DA:42,3
DA:48,3
DA:49,1
DA:52,2
DA:57,2
DA:61,1
LF:13
LH:13
BRDA:48,0,0,1
BRF:1
BRH:1
end_of_record
TN:
SF:src\modules\users\services\authenticateUserService.ts
FN:24,(anonymous_12)
FN:31,(anonymous_13)
FNF:2
FNH:0
FNDA:0,(anonymous_12)
FNDA:0,(anonymous_13)
DA:1,0
DA:2,0
DA:3,0
DA:6,0
DA:7,0
DA:21,0
DA:28,0
DA:35,0
DA:37,0
DA:38,0
DA:41,0
DA:43,0
DA:44,0
DA:47,0
DA:49,0
DA:54,0
DA:58,0
LF:17
LH:0
BRDA:37,0,0,0
BRDA:43,1,0,0
BRF:2
BRH:0
end_of_record
TN:
SF:src\modules\users\services\createUserService.ts
FN:18,(anonymous_12)
FN:25,(anonymous_13)
FNF:2
FNH:0
FNDA:0,(anonymous_12)
FNDA:0,(anonymous_13)
DA:1,0
DA:2,0
DA:5,0
DA:15,0
DA:22,0
DA:26,0
DA:28,0
DA:29,0
DA:32,0
DA:34,0
DA:40,0
DA:44,0
LF:12
LH:0
BRDA:28,0,0,0
BRF:1
BRH:0
end_of_record
TN:
SF:src\modules\users\services\updateUserAvatarService.ts
FN:19,(anonymous_12)
FN:26,(anonymous_13)
FNF:2
FNH:0
FNDA:0,(anonymous_12)
FNDA:0,(anonymous_13)
DA:1,0
DA:2,0
DA:3,0
DA:6,0
DA:7,0
DA:16,0
DA:23,0
DA:30,0
DA:32,0
DA:33,0
DA:36,0
DA:37,0
DA:38,0
DA:40,0
DA:41,0
DA:45,0
DA:47,0
DA:49,0
DA:53,0
LF:19
LH:0
BRDA:32,0,0,0
BRDA:36,1,0,0
BRDA:40,2,0,0
BRF:3
BRH:0
end_of_record
